<?xml version="1.0" encoding="UTF-8"?>
<testng-results skipped="0" failed="0" ignored="0" total="1" passed="1">
  <reporter-output>
  </reporter-output>
  <suite name="Suite" duration-ms="7896" started-at="2022-10-29T16:28:19 IST" finished-at="2022-10-29T16:28:27 IST">
    <groups>
    </groups>
    <test name="Test1" duration-ms="7896" started-at="2022-10-29T16:28:19 IST" finished-at="2022-10-29T16:28:27 IST">
      <class name="com.qa.testcases.TestvagrantTest">
        <test-method status="PASS" signature="setup()[pri:0, instance:com.qa.testcases.TestvagrantTest@42f93a98]" name="setup" is-config="true" duration-ms="6489" started-at="2022-10-29T16:28:19 IST" finished-at="2022-10-29T16:28:25 IST">
          <reporter-output>
          </reporter-output>
        </test-method> <!-- setup -->
        <test-method status="PASS" signature="ReleasedateandcountrytTest()[pri:1, instance:com.qa.testcases.TestvagrantTest@42f93a98]" name="ReleasedateandcountrytTest" duration-ms="376" started-at="2022-10-29T16:28:25 IST" finished-at="2022-10-29T16:28:26 IST">
          <reporter-output>
          </reporter-output>
        </test-method> <!-- ReleasedateandcountrytTest -->
        <test-method status="PASS" signature="teardown()[pri:0, instance:com.qa.testcases.TestvagrantTest@42f93a98]" name="teardown" is-config="true" duration-ms="952" started-at="2022-10-29T16:28:26 IST" finished-at="2022-10-29T16:28:27 IST">
          <reporter-output>
          </reporter-output>
        </test-method> <!-- teardown -->
      </class> <!-- com.qa.testcases.TestvagrantTest -->
    </test> <!-- Test1 -->
  </suite> <!-- Suite -->
</testng-results>
